2026-07-14 00:02:42,438 [ERROR] LogOutputStream:75 - [STDERR_REDIRECT] 
2026-07-14 00:02:51,323 [INFO] Activator:176 - 


2026-07-14 00:02:51,325 [INFO] Activator:177 - !SESSION log4j initialized
2026-07-14 00:02:54,638 [INFO] LogOutputStream:77 - [STDOUT_REDIRECT] 
2026-07-14 00:03:00,497 [INFO] ApplicationProperties:184 - Using Application install path: C:\ST\STM32CubeIDE_1.18.0\STM32CubeIDE\plugins\com.st.stm32cube.common.mx_6.14.0.202502271554
2026-07-14 00:03:00,509 [INFO] DbMcusXml:78 - Set database path to: C:\ST\STM32CubeIDE_1.18.0\STM32CubeIDE\plugins\com.st.stm32cube.common.mx_6.14.0.202502271554\\db\/mcu/
2026-07-14 00:03:00,509 [INFO] ApiDb:274 - Set plugin database path to: C:\ST\STM32CubeIDE_1.18.0\STM32CubeIDE\plugins\com.st.stm32cube.common.mx_6.14.0.202502271554\\db\/plugins/boardmanager/
2026-07-14 00:03:00,509 [WARN] ApiDb:259 - Overriding images path with different value:  => C:\ST\STM32CubeIDE_1.18.0\STM32CubeIDE\plugins\com.st.stm32cube.common.mx_6.14.0.202502271554\\db\/plugins/mcufinder/images/
2026-07-14 00:03:00,514 [INFO] ApiDb:250 - Set database path to: C:\Users\hwido\.stmcufinder\plugins\mcufinder//mcu/
2026-07-14 00:03:00,515 [INFO] DbMcusAds:125 - Set database path to: C:\Users\hwido\.stmcufinder\plugins\mcufinder//mcu/
2026-07-14 00:03:00,516 [INFO] CrossReferenceDbSqlite:203 - Set database path to: C:\Users\hwido\.stmcufinder\plugins\mcufinder//mcu/cs/
2026-07-14 00:03:00,593 [INFO] RulesReader:64 - Compatibility file has been processed (301 Rules)
2026-07-14 00:03:00,654 [INFO] DbMcusXml:78 - Set database path to: C:\ST\STM32CubeIDE_1.18.0\STM32CubeIDE\plugins\com.st.stm32cube.common.mx_6.14.0.202502271554\\db\/mcu/
2026-07-14 00:03:00,654 [INFO] ApiDb:274 - Set plugin database path to: C:\ST\STM32CubeIDE_1.18.0\STM32CubeIDE\plugins\com.st.stm32cube.common.mx_6.14.0.202502271554\\db\/plugins/boardmanager/
2026-07-14 00:03:00,654 [INFO] ApiDb:261 - Set plugin images path to: C:\ST\STM32CubeIDE_1.18.0\STM32CubeIDE\plugins\com.st.stm32cube.common.mx_6.14.0.202502271554\\db\/plugins/mcufinder/images/
2026-07-14 00:03:00,654 [WARN] DbFile:41 - Overriding database path with different value: C:\Users\hwido\.stmcufinder\plugins\mcufinder/ => C:\Users\hwido\.stmcufinder\plugins\mcufinder
2026-07-14 00:03:00,654 [INFO] ApiDb:250 - Set database path to: C:\Users\hwido\.stmcufinder\plugins\mcufinder//mcu/
2026-07-14 00:03:00,654 [WARN] DbFile:41 - Overriding database path with different value: C:\Users\hwido\.stmcufinder\plugins\mcufinder/ => C:\Users\hwido\.stmcufinder\plugins\mcufinder
2026-07-14 00:03:00,654 [INFO] DbMcusAds:125 - Set database path to: C:\Users\hwido\.stmcufinder\plugins\mcufinder//mcu/
2026-07-14 00:03:00,654 [WARN] DbFile:41 - Overriding database path with different value: C:\Users\hwido\.stmcufinder\plugins\mcufinder/ => C:\Users\hwido\.stmcufinder\plugins\mcufinder
2026-07-14 00:03:00,654 [WARN] DbFile:41 - Overriding database path with different value: C:\Users\hwido\.stmcufinder\plugins\mcufinder/ => C:\Users\hwido\.stmcufinder\plugins\mcufinder
2026-07-14 00:03:00,654 [INFO] CrossReferenceDbSqlite:203 - Set database path to: C:\Users\hwido\.stmcufinder\plugins\mcufinder//mcu/cs/
2026-07-14 00:03:00,695 [INFO] MainPanel:272 - HeapMemory: 268435456
2026-07-14 00:03:00,745 [INFO] DbMcusXml:78 - Set database path to: C:\ST\STM32CubeIDE_1.18.0\STM32CubeIDE\plugins\com.st.stm32cube.common.mx_6.14.0.202502271554\\db\/mcu/
2026-07-14 00:03:00,745 [INFO] ApiDb:274 - Set plugin database path to: C:\ST\STM32CubeIDE_1.18.0\STM32CubeIDE\plugins\com.st.stm32cube.common.mx_6.14.0.202502271554\\db\/plugins/boardmanager/
2026-07-14 00:03:00,745 [INFO] ApiDb:261 - Set plugin images path to: C:\ST\STM32CubeIDE_1.18.0\STM32CubeIDE\plugins\com.st.stm32cube.common.mx_6.14.0.202502271554\\db\/plugins/mcufinder/images/
2026-07-14 00:03:00,745 [WARN] DbFile:41 - Overriding database path with different value: C:\Users\hwido\.stmcufinder\plugins\mcufinder/ => C:\Users\hwido\.stmcufinder\plugins\mcufinder
2026-07-14 00:03:00,745 [INFO] ApiDb:250 - Set database path to: C:\Users\hwido\.stmcufinder\plugins\mcufinder//mcu/
2026-07-14 00:03:00,745 [WARN] DbFile:41 - Overriding database path with different value: C:\Users\hwido\.stmcufinder\plugins\mcufinder/ => C:\Users\hwido\.stmcufinder\plugins\mcufinder
2026-07-14 00:03:00,745 [INFO] DbMcusAds:125 - Set database path to: C:\Users\hwido\.stmcufinder\plugins\mcufinder//mcu/
2026-07-14 00:03:00,745 [WARN] DbFile:41 - Overriding database path with different value: C:\Users\hwido\.stmcufinder\plugins\mcufinder/ => C:\Users\hwido\.stmcufinder\plugins\mcufinder
2026-07-14 00:03:00,745 [WARN] DbFile:41 - Overriding database path with different value: C:\Users\hwido\.stmcufinder\plugins\mcufinder/ => C:\Users\hwido\.stmcufinder\plugins\mcufinder
2026-07-14 00:03:00,745 [INFO] CrossReferenceDbSqlite:203 - Set database path to: C:\Users\hwido\.stmcufinder\plugins\mcufinder//mcu/cs/
2026-07-14 00:03:00,757 [INFO] ApplicationProperties:184 - Using Application install path: C:\ST\STM32CubeIDE_1.18.0\STM32CubeIDE\plugins\com.st.stm32cube.common.mx_6.14.0.202502271554
2026-07-14 00:03:00,758 [INFO] PluginManage:196 - Search for loadable plugins [exclusion list=, ]
2026-07-14 00:03:00,759 [INFO] PluginManage:310 - Check plugin analytics
2026-07-14 00:03:05,808 [INFO] AnalyticsPlugin:253 - Accepted Software Licenses: STM32CubeMX.6.13.0,STM32CubeMX.6.17.0,STM32CubeMX.6.18.0
2026-07-14 00:03:05,808 [INFO] AnalyticsPlugin:255 - Accepted CMSIS Pack Licenses: 
2026-07-14 00:03:05,808 [INFO] AnalyticsPlugin:257 - Accepted Firmware Licenses: FW.F4.1.28.0,FW.F4.1.28.3
2026-07-14 00:03:05,810 [INFO] PluginManage:359 - Loaded plugin analytics (category:tool,tabindex:-1)
2026-07-14 00:03:05,810 [INFO] PluginManage:310 - Check plugin cadmodel
2026-07-14 00:03:05,812 [INFO] CADModel:105 - Init CAD model plugin
2026-07-14 00:03:05,812 [INFO] PluginManage:359 - Loaded plugin cadmodel (category:power,tabindex:5)
2026-07-14 00:03:05,812 [INFO] PluginManage:310 - Check plugin clock
2026-07-14 00:03:05,817 [INFO] PluginManage:359 - Loaded plugin clock (category:base,tabindex:2)
2026-07-14 00:03:05,817 [INFO] PluginManage:310 - Check plugin ddr
2026-07-14 00:03:05,818 [INFO] PluginManage:359 - Loaded plugin ddr (category:tool,tabindex:6)
2026-07-14 00:03:05,818 [INFO] PluginManage:310 - Check plugin filemanager
2026-07-14 00:03:05,896 [INFO] PluginManage:359 - Loaded plugin filemanager (category:base,tabindex:10)
2026-07-14 00:03:05,896 [INFO] PluginManage:310 - Check plugin ipmanager
2026-07-14 00:03:05,900 [INFO] PluginManage:359 - Loaded plugin ipmanager (category:base,tabindex:5)
2026-07-14 00:03:05,900 [INFO] PluginManage:310 - Check plugin lpbam
2026-07-14 00:03:05,904 [INFO] PluginManage:359 - Loaded plugin lpbam (category:base,tabindex:0)
2026-07-14 00:03:05,904 [INFO] PluginManage:310 - Check plugin memorymap
2026-07-14 00:03:05,911 [INFO] PluginManage:359 - Loaded plugin memorymap (category:base,tabindex:4)
2026-07-14 00:03:05,911 [INFO] PluginManage:310 - Check plugin pinoutandconfiguration
2026-07-14 00:03:05,915 [INFO] PluginManage:359 - Loaded plugin pinoutandconfiguration (category:base,tabindex:1)
2026-07-14 00:03:05,915 [INFO] PluginManage:310 - Check plugin pinoutconfig
2026-07-14 00:03:05,964 [WARN] SupportedApi:132 - Cannot load RTOS API schema: s4s-elt-must-match.1: The content of 'definitions' must match (annotation?, (simpleType | complexType)?, (unique | key | keyref)*)). A problem was found starting at: attribute.
2026-07-14 00:03:06,030 [INFO] PluginManage:359 - Loaded plugin pinoutconfig (category:base,tabindex:0)
2026-07-14 00:03:06,030 [INFO] PluginManage:310 - Check plugin power
2026-07-14 00:03:06,034 [INFO] PluginManage:359 - Loaded plugin power (category:power,tabindex:4)
2026-07-14 00:03:06,034 [INFO] PluginManage:310 - Check plugin projectmanager
2026-07-14 00:03:06,042 [INFO] PluginManage:359 - Loaded plugin projectmanager (category:projectmanager,tabindex:4)
2026-07-14 00:03:06,043 [INFO] PluginManage:310 - Check plugin rif
2026-07-14 00:03:06,046 [INFO] PluginManage:359 - Loaded plugin rif (category:base,tabindex:3)
2026-07-14 00:03:06,047 [INFO] PluginManage:310 - Check plugin thirdparty
2026-07-14 00:03:06,116 [INFO] PluginManage:359 - Loaded plugin thirdparty (category:base,tabindex:-1)
2026-07-14 00:03:06,116 [INFO] PluginManage:310 - Check plugin tools
2026-07-14 00:03:06,116 [WARN] IntegrityCheckThread:84 - waiting for thirdparty lock release [integrity check]
2026-07-14 00:03:06,116 [INFO] IntegrityCheckThread:86 - entering critical section [integrity check]
2026-07-14 00:03:06,117 [INFO] ThirdPartyUpdaterWithRetryManager:70 - Updater plugin not ready yet. [1/15]
2026-07-14 00:03:06,118 [INFO] PluginManage:359 - Loaded plugin tools (category:base,tabindex:7)
2026-07-14 00:03:06,118 [INFO] PluginManage:310 - Check plugin tutovideos
2026-07-14 00:03:06,210 [INFO] PluginManage:359 - Loaded plugin tutovideos (category:base,tabindex:-1)
2026-07-14 00:03:06,210 [INFO] PluginManage:310 - Check plugin updater
2026-07-14 00:03:06,222 [INFO] PluginManage:359 - Loaded plugin updater (category:base,tabindex:12)
2026-07-14 00:03:06,222 [INFO] PluginManage:310 - Check plugin userauth
2026-07-14 00:03:06,224 [INFO] UserAuth:118 - Init User Auth plugin
2026-07-14 00:03:06,225 [INFO] PluginManage:359 - Loaded plugin userauth (category:base,tabindex:14)
2026-07-14 00:03:06,225 [INFO] PluginManage:283 - PluginManage : Loaded plugins [18]
2026-07-14 00:03:06,374 [INFO] PinOutPanel:1589 - setPackage(No Configuration,No Configuration)
2026-07-14 00:03:06,424 [INFO] CADModel:165 - CPN selected for project level
2026-07-14 00:03:06,424 [INFO] CADModel:114 - Register for checkConnection events
2026-07-14 00:03:06,439 [INFO] IPUIPlugin:80 - create IPUIPlugin
2026-07-14 00:03:06,439 [INFO] PluginManager:220 - loadIPPluginJar : add adc
2026-07-14 00:03:06,441 [INFO] IPUIPlugin:80 - create IPUIPlugin
2026-07-14 00:03:06,441 [INFO] PluginManager:220 - loadIPPluginJar : add aes
2026-07-14 00:03:06,442 [INFO] IPUIPlugin:80 - create IPUIPlugin
2026-07-14 00:03:06,443 [INFO] PluginManager:220 - loadIPPluginJar : add can
2026-07-14 00:03:06,444 [INFO] IPUIPlugin:80 - create IPUIPlugin
2026-07-14 00:03:06,444 [INFO] PluginManager:220 - loadIPPluginJar : add comp
2026-07-14 00:03:06,445 [INFO] IPUIPlugin:80 - create IPUIPlugin
2026-07-14 00:03:06,445 [INFO] PluginManager:220 - loadIPPluginJar : add cryp
2026-07-14 00:03:06,447 [INFO] IPUIPlugin:80 - create IPUIPlugin
2026-07-14 00:03:06,447 [INFO] PluginManager:220 - loadIPPluginJar : add ddr_ctrl_phy
2026-07-14 00:03:06,449 [INFO] IPUIPlugin:80 - create IPUIPlugin
2026-07-14 00:03:06,449 [INFO] PluginManager:220 - loadIPPluginJar : add dfsdm
2026-07-14 00:03:06,452 [INFO] IPUIPlugin:80 - create IPUIPlugin
2026-07-14 00:03:06,453 [INFO] PluginManager:220 - loadIPPluginJar : add dma
2026-07-14 00:03:06,454 [INFO] IPUIPlugin:80 - create IPUIPlugin
2026-07-14 00:03:06,454 [INFO] PluginManager:220 - loadIPPluginJar : add dma3
2026-07-14 00:03:06,456 [INFO] IPUIPlugin:80 - create IPUIPlugin
2026-07-14 00:03:06,456 [INFO] PluginManager:220 - loadIPPluginJar : add extmemmanager
2026-07-14 00:03:06,457 [INFO] IPUIPlugin:80 - create IPUIPlugin
2026-07-14 00:03:06,457 [INFO] PluginManager:220 - loadIPPluginJar : add fatfs
2026-07-14 00:03:06,460 [INFO] IPUIPlugin:80 - create IPUIPlugin
2026-07-14 00:03:06,460 [INFO] PluginManager:220 - loadIPPluginJar : add fmc
2026-07-14 00:03:06,464 [INFO] IPUIPlugin:80 - create IPUIPlugin
2026-07-14 00:03:06,464 [INFO] PluginManager:220 - loadIPPluginJar : add freertos
2026-07-14 00:03:06,465 [INFO] IPUIPlugin:80 - create IPUIPlugin
2026-07-14 00:03:06,466 [INFO] PluginManager:220 - loadIPPluginJar : add genericplugin
2026-07-14 00:03:06,467 [INFO] IPUIPlugin:80 - create IPUIPlugin
2026-07-14 00:03:06,468 [INFO] PluginManager:220 - loadIPPluginJar : add gfxmmu
2026-07-14 00:03:06,471 [INFO] IPUIPlugin:80 - create IPUIPlugin
2026-07-14 00:03:06,471 [INFO] PluginManager:220 - loadIPPluginJar : add gic
2026-07-14 00:03:06,473 [INFO] IPUIPlugin:80 - create IPUIPlugin
2026-07-14 00:03:06,473 [INFO] PluginManager:220 - loadIPPluginJar : add gpio
2026-07-14 00:03:06,475 [INFO] IPUIPlugin:80 - create IPUIPlugin
2026-07-14 00:03:06,475 [INFO] PluginManager:220 - loadIPPluginJar : add gtzc
2026-07-14 00:03:06,477 [INFO] IPUIPlugin:80 - create IPUIPlugin
2026-07-14 00:03:06,477 [INFO] PluginManager:220 - loadIPPluginJar : add hash
2026-07-14 00:03:06,479 [INFO] IPUIPlugin:80 - create IPUIPlugin
2026-07-14 00:03:06,479 [INFO] PluginManager:220 - loadIPPluginJar : add i2c
2026-07-14 00:03:06,480 [INFO] IPUIPlugin:80 - create IPUIPlugin
2026-07-14 00:03:06,480 [INFO] PluginManager:220 - loadIPPluginJar : add i2s
2026-07-14 00:03:06,482 [INFO] IPUIPlugin:80 - create IPUIPlugin
2026-07-14 00:03:06,482 [INFO] PluginManager:220 - loadIPPluginJar : add i3c
2026-07-14 00:03:06,485 [INFO] IPUIPlugin:80 - create IPUIPlugin
2026-07-14 00:03:06,485 [INFO] PluginManager:220 - loadIPPluginJar : add ipddr
2026-07-14 00:03:06,490 [INFO] IPUIPlugin:80 - create IPUIPlugin
2026-07-14 00:03:06,490 [INFO] PluginManager:220 - loadIPPluginJar : add linkedlist
2026-07-14 00:03:06,493 [INFO] IPUIPlugin:80 - create IPUIPlugin
2026-07-14 00:03:06,493 [INFO] PluginManager:220 - loadIPPluginJar : add lorawan
2026-07-14 00:03:06,494 [INFO] IPUIPlugin:80 - create IPUIPlugin
2026-07-14 00:03:06,494 [INFO] PluginManager:220 - loadIPPluginJar : add ltdc
2026-07-14 00:03:06,498 [INFO] IPUIPlugin:80 - create IPUIPlugin
2026-07-14 00:03:06,498 [INFO] PluginManager:220 - loadIPPluginJar : add mdma
2026-07-14 00:03:06,501 [INFO] IPUIPlugin:80 - create IPUIPlugin
2026-07-14 00:03:06,501 [INFO] PluginManager:220 - loadIPPluginJar : add nvic
2026-07-14 00:03:06,503 [INFO] IPUIPlugin:80 - create IPUIPlugin
2026-07-14 00:03:06,503 [INFO] PluginManager:220 - loadIPPluginJar : add opamp
2026-07-14 00:03:06,504 [INFO] IPUIPlugin:80 - create IPUIPlugin
2026-07-14 00:03:06,505 [INFO] PluginManager:220 - loadIPPluginJar : add openamp
2026-07-14 00:03:06,507 [INFO] IPUIPlugin:80 - create IPUIPlugin
2026-07-14 00:03:06,507 [INFO] PluginManager:220 - loadIPPluginJar : add pdm2pcm
2026-07-14 00:03:06,512 [INFO] IPUIPlugin:80 - create IPUIPlugin
2026-07-14 00:03:06,515 [INFO] PluginManager:220 - loadIPPluginJar : add plateformsettings
2026-07-14 00:03:06,517 [INFO] IPUIPlugin:80 - create IPUIPlugin
2026-07-14 00:03:06,517 [INFO] PluginManager:220 - loadIPPluginJar : add quadspi
2026-07-14 00:03:06,518 [INFO] IPUIPlugin:80 - create IPUIPlugin
2026-07-14 00:03:06,519 [INFO] PluginManager:220 - loadIPPluginJar : add radio
2026-07-14 00:03:06,521 [INFO] IPUIPlugin:80 - create IPUIPlugin
2026-07-14 00:03:06,521 [INFO] PluginManager:220 - loadIPPluginJar : add resmgrutility
2026-07-14 00:03:06,525 [INFO] IPUIPlugin:80 - create IPUIPlugin
2026-07-14 00:03:06,525 [INFO] PluginManager:220 - loadIPPluginJar : add sai
2026-07-14 00:03:06,527 [INFO] IPUIPlugin:80 - create IPUIPlugin
2026-07-14 00:03:06,527 [INFO] PluginManager:220 - loadIPPluginJar : add spi
2026-07-14 00:03:06,530 [INFO] IPUIPlugin:80 - create IPUIPlugin
2026-07-14 00:03:06,530 [INFO] PluginManager:220 - loadIPPluginJar : add stm32_wpan
2026-07-14 00:03:06,532 [INFO] IPUIPlugin:80 - create IPUIPlugin
2026-07-14 00:03:06,532 [INFO] PluginManager:220 - loadIPPluginJar : add tim
2026-07-14 00:03:06,533 [INFO] IPUIPlugin:80 - create IPUIPlugin
2026-07-14 00:03:06,534 [INFO] PluginManager:220 - loadIPPluginJar : add touchsensing
2026-07-14 00:03:06,535 [INFO] IPUIPlugin:80 - create IPUIPlugin
2026-07-14 00:03:06,535 [INFO] PluginManager:220 - loadIPPluginJar : add tracer_emb
2026-07-14 00:03:06,536 [INFO] IPUIPlugin:80 - create IPUIPlugin
2026-07-14 00:03:06,536 [INFO] PluginManager:220 - loadIPPluginJar : add ts
2026-07-14 00:03:06,537 [INFO] IPUIPlugin:80 - create IPUIPlugin
2026-07-14 00:03:06,537 [INFO] PluginManager:220 - loadIPPluginJar : add tsc
2026-07-14 00:03:06,538 [INFO] IPUIPlugin:80 - create IPUIPlugin
2026-07-14 00:03:06,538 [INFO] PluginManager:220 - loadIPPluginJar : add ucpd
2026-07-14 00:03:06,539 [INFO] IPUIPlugin:80 - create IPUIPlugin
2026-07-14 00:03:06,539 [INFO] PluginManager:220 - loadIPPluginJar : add usart
2026-07-14 00:03:06,542 [INFO] IPUIPlugin:80 - create IPUIPlugin
2026-07-14 00:03:06,542 [INFO] PluginManager:220 - loadIPPluginJar : add usbx
2026-07-14 00:03:06,649 [FATAL] Updater:351 - Updater called before beeing initialized
2026-07-14 00:03:06,663 [INFO] RulesReader:64 - Compatibility file has been processed (301 Rules)
2026-07-14 00:03:06,668 [INFO] RulesReader:64 - Compatibility file has been processed (301 Rules)
2026-07-14 00:03:06,673 [INFO] CADModel:165 - CPN selected for project level
2026-07-14 00:03:06,673 [INFO] CADModel:114 - Register for checkConnection events
2026-07-14 00:03:06,673 [FATAL] Updater:351 - Updater called before beeing initialized
2026-07-14 00:03:06,673 [ERROR] CADModel:125 - Updater not yet initialized, retry later 
2026-07-14 00:03:06,756 [FATAL] Updater:351 - Updater called before beeing initialized
2026-07-14 00:03:06,756 [INFO] CADModel:165 - CPN selected for project level
2026-07-14 00:03:06,756 [INFO] CADModel:114 - Register for checkConnection events
2026-07-14 00:03:06,756 [FATAL] Updater:351 - Updater called before beeing initialized
2026-07-14 00:03:06,757 [ERROR] CADModel:125 - Updater not yet initialized, retry later 
2026-07-14 00:03:06,758 [FATAL] Updater:351 - Updater called before beeing initialized
2026-07-14 00:03:06,825 [FATAL] Updater:351 - Updater called before beeing initialized
2026-07-14 00:03:06,827 [INFO] DbMcusAds:53 - JSON generation date=Fri May 29 01:08:16 KST 2026 (1779984496462)
2026-07-14 00:03:06,827 [FATAL] Updater:351 - Updater called before beeing initialized
2026-07-14 00:03:06,845 [WARN] DetailPanel:346 - Failed to get advertising image, set to default
2026-07-14 00:03:06,978 [FATAL] Updater:351 - Updater called before beeing initialized
2026-07-14 00:03:06,979 [FATAL] Updater:351 - Updater called before beeing initialized
2026-07-14 00:03:06,979 [FATAL] Updater:351 - Updater called before beeing initialized
2026-07-14 00:03:06,980 [WARN] DetailPanel:346 - Failed to get advertising image, set to default
2026-07-14 00:03:06,980 [FATAL] Updater:351 - Updater called before beeing initialized
2026-07-14 00:03:07,004 [ERROR] Updater:1198 - MainUpdater not yet initialized. External WinMGr cannot be set.
2026-07-14 00:03:07,005 [INFO] Updater:1134 - Updater Version found : 6.14.0
2026-07-14 00:03:07,018 [INFO] ApplicationProperties:184 - Using Application install path: C:\ST\STM32CubeIDE_1.18.0\STM32CubeIDE\plugins\com.st.stm32cube.common.mx_6.14.0.202502271554
2026-07-14 00:03:07,555 [INFO] MainUpdater:2872 - connection check result : 10
2026-07-14 00:03:07,555 [INFO] MainUpdater:289 - Updater Check For Update Now.
2026-07-14 00:03:07,555 [INFO] MicroXplorer:498 - Change Database Version : DB.6.0.140
2026-07-14 00:03:07,561 [INFO] McuFinderGlobals:63 - Set McuFinder mode to 2 (CubeIDE integrated)
2026-07-14 00:03:07,561 [INFO] UserAuth:171 - activating auth plugin
2026-07-14 00:03:07,564 [INFO] UserAuth:486 - Internet connection configuration mode: 1
2026-07-14 00:03:07,583 [INFO] JxBrowserEngine:152 - Initiate JxBrowser Engine with user profile folder
2026-07-14 00:03:07,705 [INFO] CheckServerUpdateThread:120 - End of CheckServer Thread
2026-07-14 00:03:07,959 [INFO] WebApp:169 - Instantiating new browser for Auth
2026-07-14 00:03:08,337 [INFO] WebApp:463 - Apply proxy settings
2026-07-14 00:03:08,338 [INFO] WebApp:548 - Chromium requires no authentication
2026-07-14 00:03:08,343 [INFO] WebApp:491 - Direct internet connection detected
2026-07-14 00:03:08,354 [INFO] WebApp:894 - Register for checkConnection events
2026-07-14 00:03:08,354 [INFO] WebApp:463 - Apply proxy settings
2026-07-14 00:03:08,354 [INFO] WebApp:548 - Chromium requires no authentication
2026-07-14 00:03:08,355 [INFO] WebApp:491 - Direct internet connection detected
2026-07-14 00:03:08,511 [INFO] WebApp:225 - Starting web application
2026-07-14 00:03:08,512 [INFO] WebApp:593 - Web application path used C:\ST\STM32CubeIDE_1.18.0\STM32CubeIDE\plugins\com.st.stm32cube.common.mx_6.14.0.202502271554\db\plugins\mcufinder\reactClient1\index.html
2026-07-14 00:03:08,649 [INFO] WebApp:191 - Connection restablished
2026-07-14 00:03:09,322 [WARN] PackLoader:240 - Cannot read IP mode file for STMicroelectronics.X-CUBE-AZRTOS-H7.3.5.0
2026-07-14 00:03:09,353 [WARN] PackLoader:240 - Cannot read IP mode file for STMicroelectronics.FP-ATR-ASTRA1.2.0.2
2026-07-14 00:03:09,361 [ERROR] Engine:466 - C:\Users\hwido\.stm32cubemx\thirdparties\pdsc\STMicroelectronics.X-CUBE-SMBUS.2.1.1.pdsc: PDSC version is not supported
2026-07-14 00:03:09,374 [WARN] PackLoader:240 - Cannot read IP mode file for STMicroelectronics.X-CUBE-AZRTOS-F7.1.1.0
2026-07-14 00:03:09,377 [ERROR] Engine:466 - C:\Users\hwido\.stm32cubemx\thirdparties\pdsc\STMicroelectronics.X-CUBE-FREERTOS.1.6.0.pdsc: PDSC version is not supported
2026-07-14 00:03:09,379 [ERROR] Engine:466 - C:\Users\hwido\.stm32cubemx\thirdparties\pdsc\STMicroelectronics.FP-SNS-MOTENV1.5.1.0.pdsc: PDSC version is not supported
2026-07-14 00:03:09,389 [WARN] PackLoader:240 - Cannot read IP mode file for STMicroelectronics.X-CUBE-AZRTOS-H7RS.1.3.0
2026-07-14 00:03:09,394 [ERROR] Engine:466 - C:\Users\hwido\.stm32cubemx\thirdparties\pdsc\WES.I-CUBE-Cesium.1.4.0.pdsc: PDSC version is not supported
2026-07-14 00:03:09,398 [WARN] PackLoader:240 - Cannot read IP mode file for STMicroelectronics.X-CUBE-DISPLAY.3.0.0
2026-07-14 00:03:09,405 [WARN] PackLoader:240 - Cannot read IP mode file for STMicroelectronics.X-CUBE-GNSS1.7.1.1
2026-07-14 00:03:09,407 [ERROR] Engine:466 - C:\Users\hwido\.stm32cubemx\thirdparties\pdsc\STMicroelectronics.FP-SNS-MOTENVWB1.1.5.0.pdsc: PDSC version is not supported
2026-07-14 00:03:09,411 [WARN] PackLoader:240 - Cannot read IP mode file for wolfSSL.I-CUBE-wolfSSL.5.9.1
2026-07-14 00:03:09,414 [WARN] PackLoader:240 - Cannot read IP mode file for STMicroelectronics.X-CUBE-NFC10.1.0.0
2026-07-14 00:03:09,418 [WARN] PackLoader:240 - Cannot read IP mode file for STMicroelectronics.X-CUBE-ST60.1.1.0
2026-07-14 00:03:09,422 [WARN] PackLoader:240 - Cannot read IP mode file for emotas.I-CUBE-CANOPEN.1.3.0
2026-07-14 00:03:09,424 [ERROR] Engine:466 - C:\Users\hwido\.stm32cubemx\thirdparties\pdsc\STMicroelectronics.X-CUBE-WBA.1.1.0.pdsc: PDSC version is not supported
2026-07-14 00:03:09,425 [ERROR] Engine:466 - C:\Users\hwido\.stm32cubemx\thirdparties\pdsc\STMicroelectronics.FP-SNS-STBOX1.2.1.0.pdsc: PDSC version is not supported
2026-07-14 00:03:09,427 [WARN] PackLoader:240 - Cannot read IP mode file for STMicroelectronics.FP-SNS-SMARTAG2.1.2.0
2026-07-14 00:03:09,430 [WARN] PackLoader:240 - Cannot read IP mode file for STMicroelectronics.FP-SNS-FLIGHT1.5.1.0
2026-07-14 00:03:09,434 [INFO] LogOutputStream:77 - [STDOUT_REDIRECT] 1 : Invalid condition id : UX_CORESTACK_Condition cause : null
2026-07-14 00:03:09,434 [INFO] LogOutputStream:77 - [STDOUT_REDIRECT] 1 : Invalid condition id : UX_CORESTACK_Condition cause : null
2026-07-14 00:03:09,434 [INFO] LogOutputStream:77 - [STDOUT_REDIRECT] 1 : Invalid condition id : UX_CORESTACK_Condition cause : null
2026-07-14 00:03:09,435 [INFO] LogOutputStream:77 - [STDOUT_REDIRECT] 1 : Invalid condition id : UX_CORESTACK_Condition cause : null
2026-07-14 00:03:09,436 [INFO] LogOutputStream:77 - [STDOUT_REDIRECT] 1 : Invalid condition id : UX_CORESTACK_Condition cause : null
2026-07-14 00:03:09,437 [WARN] PackLoader:240 - Cannot read IP mode file for STMicroelectronics.X-CUBE-AZRTOS-WL.2.0.0
2026-07-14 00:03:09,440 [WARN] PackLoader:240 - Cannot read IP mode file for STMicroelectronics.X-CUBE-BLE2.3.3.0
2026-07-14 00:03:09,461 [WARN] PackLoader:240 - Cannot read IP mode file for Infineon.AIROC-Wi-Fi-Bluetooth-STM32.1.8.0
2026-07-14 00:03:09,466 [WARN] PackLoader:240 - Cannot read IP mode file for STMicroelectronics.X-CUBE-NFC9.1.0.0
2026-07-14 00:03:09,469 [WARN] PackLoader:240 - Cannot read IP mode file for STMicroelectronics.X-CUBE-BLE1.7.1.0
2026-07-14 00:03:09,471 [WARN] PackLoader:240 - Cannot read IP mode file for wolfSSL.I-CUBE-wolfMQTT.1.19.2
2026-07-14 00:03:09,475 [WARN] PackLoader:240 - Cannot read IP mode file for STMicroelectronics.X-CUBE-EEPRMA1.5.2.0
2026-07-14 00:03:09,477 [ERROR] Engine:466 - C:\Users\hwido\.stm32cubemx\thirdparties\pdsc\STMicroelectronics.FP-SNS-STAIOTCFT.1.1.0.pdsc: PDSC version is not supported
2026-07-14 00:03:09,486 [WARN] PackLoader:240 - Cannot read IP mode file for STMicroelectronics.X-CUBE-AZRTOS-G0.1.1.0
2026-07-14 00:03:09,490 [WARN] PackLoader:240 - Cannot read IP mode file for STMicroelectronics.X-CUBE-NFC4.3.0.0
2026-07-14 00:03:09,495 [WARN] PackLoader:240 - Cannot read IP mode file for EmbeddedOffice.I-CUBE-FS-RTOS.1.0.1
2026-07-14 00:03:09,499 [WARN] PackLoader:240 - Cannot read IP mode file for wolfSSL.I-CUBE-wolfTPM.3.8.0
2026-07-14 00:03:09,506 [WARN] PackLoader:240 - Cannot read IP mode file for STMicroelectronics.X-CUBE-TCPP.4.2.0
2026-07-14 00:03:09,511 [WARN] PackLoader:240 - Cannot read IP mode file for RealThread.X-CUBE-RT-Thread_Nano.4.1.1
2026-07-14 00:03:09,514 [WARN] PackLoader:240 - Cannot read IP mode file for STMicroelectronics.FP-ATR-SIGFOX1.3.2.0
2026-07-14 00:03:09,517 [WARN] PackLoader:240 - Cannot read IP mode file for ITTIA_DB.I-CUBE-ITTIADB.8.9.0
2026-07-14 00:03:09,520 [WARN] PackLoader:240 - Cannot read IP mode file for Cesanta.I-CUBE-Mongoose.7.21.7
2026-07-14 00:03:09,524 [WARN] PackLoader:240 - Cannot read IP mode file for STMicroelectronics.X-CUBE-NFC6.3.2.0
2026-07-14 00:03:09,527 [WARN] PackLoader:240 - Cannot read IP mode file for STMicroelectronics.X-CUBE-AI.10.2.1
2026-07-14 00:03:09,543 [WARN] PackLoader:240 - Cannot read IP mode file for STMicroelectronics.X-CUBE-MEMS1.12.1.0
2026-07-14 00:03:09,590 [WARN] PackLoader:240 - Cannot read IP mode file for SEGGER.I-CUBE-embOS.1.3.1
2026-07-14 00:03:09,608 [WARN] PackLoader:240 - Cannot read IP mode file for STMicroelectronics.X-CUBE-NFC13.1.0.0
2026-07-14 00:03:09,611 [WARN] PackLoader:240 - Cannot read IP mode file for STMicroelectronics.X-CUBE-PM33A1.1.0.0
2026-07-14 00:03:09,618 [WARN] PackLoader:240 - Cannot read IP mode file for STMicroelectronics.X-CUBE-AZRTOS-F4.1.1.0
2026-07-14 00:03:09,623 [WARN] PackLoader:240 - Cannot read IP mode file for STMicroelectronics.X-CUBE-ISPU.2.1.0
2026-07-14 00:03:09,626 [ERROR] Engine:466 - C:\Users\hwido\.stm32cubemx\thirdparties\pdsc\STMicroelectronics.X-CUBE-IPS.3.2.0.pdsc: PDSC version is not supported
2026-07-14 00:03:09,629 [WARN] PackLoader:240 - Cannot read IP mode file for STMicroelectronics.eDS-WB_DPC_TT-BIDIR.2.1.1
2026-07-14 00:03:09,633 [WARN] PackLoader:240 - Cannot read IP mode file for STMicroelectronics.X-CUBE-NFC12.1.0.0
2026-07-14 00:03:09,640 [WARN] PackLoader:240 - Cannot read IP mode file for STMicroelectronics.X-CUBE-AZRTOS-L5.2.0.0
2026-07-14 00:03:09,644 [WARN] PackLoader:240 - Cannot read IP mode file for STMicroelectronics.X-CUBE-ALGOBUILD.1.5.0
2026-07-14 00:03:09,647 [WARN] PackLoader:240 - Cannot read IP mode file for STMicroelectronics.eDS-WB_DPC_VIENNA.1.2.0
2026-07-14 00:03:09,649 [WARN] PackLoader:240 - Cannot read IP mode file for STMicroelectronics.eDS-WB_DPC_3PH2L-BIDIR.1.1.1
2026-07-14 00:03:09,651 [ERROR] Engine:466 - C:\Users\hwido\.stm32cubemx\thirdparties\pdsc\STMicroelectronics.X-CUBE-ST67W61.1.3.0.pdsc: PDSC version is not supported
2026-07-14 00:03:09,656 [WARN] PackLoader:240 - Cannot read IP mode file for STMicroelectronics.X-CUBE-TOUCHGFX.4.26.1
2026-07-14 00:03:09,659 [WARN] PackLoader:240 - Cannot read IP mode file for STMicroelectronics.X-CUBE-DPower.1.3.0
2026-07-14 00:03:09,665 [WARN] ConditionMgr:438 - getConditionDescription Invalid condition id : LAN8742 Phy interface Condition cause : null
2026-07-14 00:03:09,666 [WARN] PackLoader:240 - Cannot read IP mode file for STMicroelectronics.X-CUBE-AZRTOS-L4.2.0.0
2026-07-14 00:03:09,666 [WARN] ConditionMgr:1044 - genDependencies : Invalid condition id : LAN8742 Phy interface Condition cause : null
2026-07-14 00:03:09,666 [WARN] ConditionMgr:1044 - genDependencies : Invalid condition id : LAN8742 Phy interface Condition cause : null
2026-07-14 00:03:09,666 [WARN] ConditionMgr:1044 - genDependencies : Invalid condition id : LAN8742 Phy interface Condition cause : null
2026-07-14 00:03:09,670 [WARN] PackLoader:240 - Cannot read IP mode file for STMicroelectronics.X-CUBE-SFXS2LP1.4.0.0
2026-07-14 00:03:09,673 [WARN] PackLoader:240 - Cannot read IP mode file for STMicroelectronics.X-CUBE-WB05N.2.1.0
2026-07-14 00:03:09,678 [WARN] ConditionMgr:438 - getConditionDescription Invalid condition id : UX DEVICE CLASS RTOS Condition cause : null
2026-07-14 00:03:09,678 [WARN] ConditionMgr:438 - getConditionDescription Invalid condition id : UX DEVICE CLASS RTOS Condition cause : null
2026-07-14 00:03:09,679 [WARN] PackLoader:240 - Cannot read IP mode file for STMicroelectronics.X-CUBE-AZRTOS-WB.2.0.0
2026-07-14 00:03:09,679 [WARN] ConditionMgr:1044 - genDependencies : Invalid condition id : UX DEVICE CLASS RTOS Condition cause : null
2026-07-14 00:03:09,679 [WARN] ConditionMgr:1044 - genDependencies : Invalid condition id : UX DEVICE CLASS RTOS Condition cause : null
2026-07-14 00:03:09,679 [WARN] ConditionMgr:1044 - genDependencies : Invalid condition id : UX DEVICE CLASS RTOS Condition cause : null
2026-07-14 00:03:09,679 [WARN] ConditionMgr:1044 - genDependencies : Invalid condition id : UX DEVICE CLASS RTOS Condition cause : null
2026-07-14 00:03:09,679 [WARN] ConditionMgr:1044 - genDependencies : Invalid condition id : UX DEVICE CLASS RTOS Condition cause : null
2026-07-14 00:03:09,682 [WARN] ConditionMgr:438 - getConditionDescription Invalid condition id : Cortex-A Device cause : null
2026-07-14 00:03:09,687 [WARN] ConditionMgr:1044 - genDependencies : Invalid condition id : Cortex-A Device cause : null
2026-07-14 00:03:09,687 [WARN] ConditionMgr:1044 - genDependencies : Invalid condition id : Cortex-A Device cause : null
2026-07-14 00:03:09,687 [WARN] ConditionMgr:1044 - genDependencies : Invalid condition id : Cortex-A Device cause : null
2026-07-14 00:03:09,692 [WARN] PackLoader:240 - Cannot read IP mode file for STMicroelectronics.X-CUBE-STSE01.2.0.0
2026-07-14 00:03:09,696 [WARN] PackLoader:240 - Cannot read IP mode file for STMicroelectronics.X-CUBE-SUBG2.5.0.0
2026-07-14 00:03:09,706 [WARN] PackLoader:240 - Cannot read IP mode file for STMicroelectronics.X-CUBE-AZRTOS-G4.2.0.0
2026-07-14 00:03:09,711 [WARN] PackLoader:240 - Cannot read IP mode file for wolfSSL.I-CUBE-wolfSSH.1.4.20
2026-07-14 00:03:09,715 [WARN] PackLoader:240 - Cannot read IP mode file for STMicroelectronics.X-CUBE-NFC7.2.0.0
2026-07-14 00:03:09,718 [ERROR] Engine:466 - C:\Users\hwido\.stm32cubemx\thirdparties\pdsc\STMicroelectronics.X-CUBE-BLEMGR.4.2.0.pdsc: PDSC version is not supported
2026-07-14 00:03:09,722 [WARN] PackLoader:240 - Cannot read IP mode file for STMicroelectronics.X-CUBE-ALS.1.0.2
2026-07-14 00:03:09,735 [WARN] PackLoader:240 - Cannot read IP mode file for STMicroelectronics.X-CUBE-TOF1.3.4.3
2026-07-14 00:03:09,742 [INFO] ThirdParty:978 - Integrity check success = true
2026-07-14 00:03:09,742 [INFO] IntegrityCheckThread:100 - exiting critical section [integrity check]
2026-07-14 00:03:09,742 [INFO] IntegrityCheckThread:103 - End integrity checks thread
2026-07-14 00:03:19,636 [ERROR] LogOutputStream:75 - [STDERR_REDIRECT] 
2026-07-14 00:04:18,242 [INFO] Activator:176 - 


2026-07-14 00:04:18,243 [INFO] Activator:177 - !SESSION log4j initialized
2026-07-14 00:04:21,473 [INFO] LogOutputStream:77 - [STDOUT_REDIRECT] 
2026-07-14 00:04:27,393 [INFO] ApplicationProperties:184 - Using Application install path: C:\ST\STM32CubeIDE_1.18.0\STM32CubeIDE\plugins\com.st.stm32cube.common.mx_6.14.0.202502271554
2026-07-14 00:04:27,403 [INFO] DbMcusXml:78 - Set database path to: C:\ST\STM32CubeIDE_1.18.0\STM32CubeIDE\plugins\com.st.stm32cube.common.mx_6.14.0.202502271554\\db\/mcu/
2026-07-14 00:04:27,404 [INFO] ApiDb:274 - Set plugin database path to: C:\ST\STM32CubeIDE_1.18.0\STM32CubeIDE\plugins\com.st.stm32cube.common.mx_6.14.0.202502271554\\db\/plugins/boardmanager/
2026-07-14 00:04:27,404 [WARN] ApiDb:259 - Overriding images path with different value:  => C:\ST\STM32CubeIDE_1.18.0\STM32CubeIDE\plugins\com.st.stm32cube.common.mx_6.14.0.202502271554\\db\/plugins/mcufinder/images/
2026-07-14 00:04:27,407 [INFO] ApiDb:250 - Set database path to: C:\Users\hwido\.stmcufinder\plugins\mcufinder//mcu/
2026-07-14 00:04:27,407 [INFO] DbMcusAds:125 - Set database path to: C:\Users\hwido\.stmcufinder\plugins\mcufinder//mcu/
2026-07-14 00:04:27,408 [INFO] CrossReferenceDbSqlite:203 - Set database path to: C:\Users\hwido\.stmcufinder\plugins\mcufinder//mcu/cs/
2026-07-14 00:04:27,467 [INFO] RulesReader:64 - Compatibility file has been processed (301 Rules)
2026-07-14 00:04:27,525 [INFO] DbMcusXml:78 - Set database path to: C:\ST\STM32CubeIDE_1.18.0\STM32CubeIDE\plugins\com.st.stm32cube.common.mx_6.14.0.202502271554\\db\/mcu/
2026-07-14 00:04:27,525 [INFO] ApiDb:274 - Set plugin database path to: C:\ST\STM32CubeIDE_1.18.0\STM32CubeIDE\plugins\com.st.stm32cube.common.mx_6.14.0.202502271554\\db\/plugins/boardmanager/
2026-07-14 00:04:27,525 [INFO] ApiDb:261 - Set plugin images path to: C:\ST\STM32CubeIDE_1.18.0\STM32CubeIDE\plugins\com.st.stm32cube.common.mx_6.14.0.202502271554\\db\/plugins/mcufinder/images/
2026-07-14 00:04:27,526 [WARN] DbFile:41 - Overriding database path with different value: C:\Users\hwido\.stmcufinder\plugins\mcufinder/ => C:\Users\hwido\.stmcufinder\plugins\mcufinder
2026-07-14 00:04:27,526 [INFO] ApiDb:250 - Set database path to: C:\Users\hwido\.stmcufinder\plugins\mcufinder//mcu/
2026-07-14 00:04:27,526 [WARN] DbFile:41 - Overriding database path with different value: C:\Users\hwido\.stmcufinder\plugins\mcufinder/ => C:\Users\hwido\.stmcufinder\plugins\mcufinder
2026-07-14 00:04:27,526 [INFO] DbMcusAds:125 - Set database path to: C:\Users\hwido\.stmcufinder\plugins\mcufinder//mcu/
2026-07-14 00:04:27,526 [WARN] DbFile:41 - Overriding database path with different value: C:\Users\hwido\.stmcufinder\plugins\mcufinder/ => C:\Users\hwido\.stmcufinder\plugins\mcufinder
2026-07-14 00:04:27,526 [WARN] DbFile:41 - Overriding database path with different value: C:\Users\hwido\.stmcufinder\plugins\mcufinder/ => C:\Users\hwido\.stmcufinder\plugins\mcufinder
2026-07-14 00:04:27,526 [INFO] CrossReferenceDbSqlite:203 - Set database path to: C:\Users\hwido\.stmcufinder\plugins\mcufinder//mcu/cs/
2026-07-14 00:04:27,563 [INFO] MainPanel:272 - HeapMemory: 268435456
2026-07-14 00:04:27,609 [INFO] DbMcusXml:78 - Set database path to: C:\ST\STM32CubeIDE_1.18.0\STM32CubeIDE\plugins\com.st.stm32cube.common.mx_6.14.0.202502271554\\db\/mcu/
2026-07-14 00:04:27,609 [INFO] ApiDb:274 - Set plugin database path to: C:\ST\STM32CubeIDE_1.18.0\STM32CubeIDE\plugins\com.st.stm32cube.common.mx_6.14.0.202502271554\\db\/plugins/boardmanager/
2026-07-14 00:04:27,609 [INFO] ApiDb:261 - Set plugin images path to: C:\ST\STM32CubeIDE_1.18.0\STM32CubeIDE\plugins\com.st.stm32cube.common.mx_6.14.0.202502271554\\db\/plugins/mcufinder/images/
2026-07-14 00:04:27,610 [WARN] DbFile:41 - Overriding database path with different value: C:\Users\hwido\.stmcufinder\plugins\mcufinder/ => C:\Users\hwido\.stmcufinder\plugins\mcufinder
2026-07-14 00:04:27,610 [INFO] ApiDb:250 - Set database path to: C:\Users\hwido\.stmcufinder\plugins\mcufinder//mcu/
2026-07-14 00:04:27,610 [WARN] DbFile:41 - Overriding database path with different value: C:\Users\hwido\.stmcufinder\plugins\mcufinder/ => C:\Users\hwido\.stmcufinder\plugins\mcufinder
2026-07-14 00:04:27,610 [INFO] DbMcusAds:125 - Set database path to: C:\Users\hwido\.stmcufinder\plugins\mcufinder//mcu/
2026-07-14 00:04:27,610 [WARN] DbFile:41 - Overriding database path with different value: C:\Users\hwido\.stmcufinder\plugins\mcufinder/ => C:\Users\hwido\.stmcufinder\plugins\mcufinder
2026-07-14 00:04:27,610 [WARN] DbFile:41 - Overriding database path with different value: C:\Users\hwido\.stmcufinder\plugins\mcufinder/ => C:\Users\hwido\.stmcufinder\plugins\mcufinder
2026-07-14 00:04:27,610 [INFO] CrossReferenceDbSqlite:203 - Set database path to: C:\Users\hwido\.stmcufinder\plugins\mcufinder//mcu/cs/
2026-07-14 00:04:27,620 [INFO] ApplicationProperties:184 - Using Application install path: C:\ST\STM32CubeIDE_1.18.0\STM32CubeIDE\plugins\com.st.stm32cube.common.mx_6.14.0.202502271554
2026-07-14 00:04:27,621 [INFO] PluginManage:196 - Search for loadable plugins [exclusion list=, ]
2026-07-14 00:04:27,621 [INFO] PluginManage:310 - Check plugin analytics
2026-07-14 00:04:32,906 [INFO] AnalyticsPlugin:253 - Accepted Software Licenses: STM32CubeMX.6.13.0,STM32CubeMX.6.17.0,STM32CubeMX.6.18.0
2026-07-14 00:04:32,906 [INFO] AnalyticsPlugin:255 - Accepted CMSIS Pack Licenses: 
2026-07-14 00:04:32,907 [INFO] AnalyticsPlugin:257 - Accepted Firmware Licenses: FW.F4.1.28.0,FW.F4.1.28.3
2026-07-14 00:04:32,908 [INFO] PluginManage:359 - Loaded plugin analytics (category:tool,tabindex:-1)
2026-07-14 00:04:32,908 [INFO] PluginManage:310 - Check plugin cadmodel
2026-07-14 00:04:32,910 [INFO] CADModel:105 - Init CAD model plugin
2026-07-14 00:04:32,910 [INFO] PluginManage:359 - Loaded plugin cadmodel (category:power,tabindex:5)
2026-07-14 00:04:32,911 [INFO] PluginManage:310 - Check plugin clock
2026-07-14 00:04:32,916 [INFO] PluginManage:359 - Loaded plugin clock (category:base,tabindex:2)
2026-07-14 00:04:32,916 [INFO] PluginManage:310 - Check plugin ddr
2026-07-14 00:04:32,917 [INFO] PluginManage:359 - Loaded plugin ddr (category:tool,tabindex:6)
2026-07-14 00:04:32,917 [INFO] PluginManage:310 - Check plugin filemanager
2026-07-14 00:04:33,008 [INFO] PluginManage:359 - Loaded plugin filemanager (category:base,tabindex:10)
2026-07-14 00:04:33,008 [INFO] PluginManage:310 - Check plugin ipmanager
2026-07-14 00:04:33,013 [INFO] PluginManage:359 - Loaded plugin ipmanager (category:base,tabindex:5)
2026-07-14 00:04:33,014 [INFO] PluginManage:310 - Check plugin lpbam
2026-07-14 00:04:33,019 [INFO] PluginManage:359 - Loaded plugin lpbam (category:base,tabindex:0)
2026-07-14 00:04:33,020 [INFO] PluginManage:310 - Check plugin memorymap
2026-07-14 00:04:33,027 [INFO] PluginManage:359 - Loaded plugin memorymap (category:base,tabindex:4)
2026-07-14 00:04:33,027 [INFO] PluginManage:310 - Check plugin pinoutandconfiguration
2026-07-14 00:04:33,032 [INFO] PluginManage:359 - Loaded plugin pinoutandconfiguration (category:base,tabindex:1)
2026-07-14 00:04:33,032 [INFO] PluginManage:310 - Check plugin pinoutconfig
2026-07-14 00:04:33,082 [WARN] SupportedApi:132 - Cannot load RTOS API schema: s4s-elt-must-match.1: The content of 'definitions' must match (annotation?, (simpleType | complexType)?, (unique | key | keyref)*)). A problem was found starting at: attribute.
2026-07-14 00:04:33,161 [INFO] PluginManage:359 - Loaded plugin pinoutconfig (category:base,tabindex:0)
2026-07-14 00:04:33,161 [INFO] PluginManage:310 - Check plugin power
2026-07-14 00:04:33,165 [INFO] PluginManage:359 - Loaded plugin power (category:power,tabindex:4)
2026-07-14 00:04:33,165 [INFO] PluginManage:310 - Check plugin projectmanager
2026-07-14 00:04:33,174 [INFO] PluginManage:359 - Loaded plugin projectmanager (category:projectmanager,tabindex:4)
2026-07-14 00:04:33,174 [INFO] PluginManage:310 - Check plugin rif
2026-07-14 00:04:33,178 [INFO] PluginManage:359 - Loaded plugin rif (category:base,tabindex:3)
2026-07-14 00:04:33,178 [INFO] PluginManage:310 - Check plugin thirdparty
2026-07-14 00:04:33,249 [INFO] PluginManage:359 - Loaded plugin thirdparty (category:base,tabindex:-1)
2026-07-14 00:04:33,249 [WARN] IntegrityCheckThread:84 - waiting for thirdparty lock release [integrity check]
2026-07-14 00:04:33,249 [INFO] PluginManage:310 - Check plugin tools
2026-07-14 00:04:33,249 [INFO] IntegrityCheckThread:86 - entering critical section [integrity check]
2026-07-14 00:04:33,250 [INFO] ThirdPartyUpdaterWithRetryManager:70 - Updater plugin not ready yet. [1/15]
2026-07-14 00:04:33,251 [INFO] PluginManage:359 - Loaded plugin tools (category:base,tabindex:7)
2026-07-14 00:04:33,251 [INFO] PluginManage:310 - Check plugin tutovideos
2026-07-14 00:04:33,341 [INFO] PluginManage:359 - Loaded plugin tutovideos (category:base,tabindex:-1)
2026-07-14 00:04:33,341 [INFO] PluginManage:310 - Check plugin updater
2026-07-14 00:04:33,353 [INFO] PluginManage:359 - Loaded plugin updater (category:base,tabindex:12)
2026-07-14 00:04:33,353 [INFO] PluginManage:310 - Check plugin userauth
2026-07-14 00:04:33,355 [INFO] UserAuth:118 - Init User Auth plugin
2026-07-14 00:04:33,356 [INFO] PluginManage:359 - Loaded plugin userauth (category:base,tabindex:14)
2026-07-14 00:04:33,356 [INFO] PluginManage:283 - PluginManage : Loaded plugins [18]
2026-07-14 00:04:33,479 [INFO] PinOutPanel:1589 - setPackage(No Configuration,No Configuration)
2026-07-14 00:04:33,528 [INFO] CADModel:165 - CPN selected for project level
2026-07-14 00:04:33,528 [INFO] CADModel:114 - Register for checkConnection events
2026-07-14 00:04:33,539 [INFO] IPUIPlugin:80 - create IPUIPlugin
2026-07-14 00:04:33,540 [INFO] PluginManager:220 - loadIPPluginJar : add adc
2026-07-14 00:04:33,541 [INFO] IPUIPlugin:80 - create IPUIPlugin
2026-07-14 00:04:33,542 [INFO] PluginManager:220 - loadIPPluginJar : add aes
2026-07-14 00:04:33,543 [INFO] IPUIPlugin:80 - create IPUIPlugin
2026-07-14 00:04:33,543 [INFO] PluginManager:220 - loadIPPluginJar : add can
2026-07-14 00:04:33,544 [INFO] IPUIPlugin:80 - create IPUIPlugin
2026-07-14 00:04:33,545 [INFO] PluginManager:220 - loadIPPluginJar : add comp
2026-07-14 00:04:33,546 [INFO] IPUIPlugin:80 - create IPUIPlugin
2026-07-14 00:04:33,546 [INFO] PluginManager:220 - loadIPPluginJar : add cryp
2026-07-14 00:04:33,547 [INFO] IPUIPlugin:80 - create IPUIPlugin
2026-07-14 00:04:33,547 [INFO] PluginManager:220 - loadIPPluginJar : add ddr_ctrl_phy
2026-07-14 00:04:33,549 [INFO] IPUIPlugin:80 - create IPUIPlugin
2026-07-14 00:04:33,549 [INFO] PluginManager:220 - loadIPPluginJar : add dfsdm
2026-07-14 00:04:33,552 [INFO] IPUIPlugin:80 - create IPUIPlugin
2026-07-14 00:04:33,552 [INFO] PluginManager:220 - loadIPPluginJar : add dma
2026-07-14 00:04:33,553 [INFO] IPUIPlugin:80 - create IPUIPlugin
2026-07-14 00:04:33,554 [INFO] PluginManager:220 - loadIPPluginJar : add dma3
2026-07-14 00:04:33,555 [INFO] IPUIPlugin:80 - create IPUIPlugin
2026-07-14 00:04:33,555 [INFO] PluginManager:220 - loadIPPluginJar : add extmemmanager
2026-07-14 00:04:33,556 [INFO] IPUIPlugin:80 - create IPUIPlugin
2026-07-14 00:04:33,557 [INFO] PluginManager:220 - loadIPPluginJar : add fatfs
2026-07-14 00:04:33,559 [INFO] IPUIPlugin:80 - create IPUIPlugin
2026-07-14 00:04:33,559 [INFO] PluginManager:220 - loadIPPluginJar : add fmc
2026-07-14 00:04:33,562 [INFO] IPUIPlugin:80 - create IPUIPlugin
2026-07-14 00:04:33,562 [INFO] PluginManager:220 - loadIPPluginJar : add freertos
2026-07-14 00:04:33,563 [INFO] IPUIPlugin:80 - create IPUIPlugin
2026-07-14 00:04:33,563 [INFO] PluginManager:220 - loadIPPluginJar : add genericplugin
2026-07-14 00:04:33,564 [INFO] IPUIPlugin:80 - create IPUIPlugin
2026-07-14 00:04:33,565 [INFO] PluginManager:220 - loadIPPluginJar : add gfxmmu
2026-07-14 00:04:33,567 [INFO] IPUIPlugin:80 - create IPUIPlugin
2026-07-14 00:04:33,567 [INFO] PluginManager:220 - loadIPPluginJar : add gic
2026-07-14 00:04:33,569 [INFO] IPUIPlugin:80 - create IPUIPlugin
2026-07-14 00:04:33,569 [INFO] PluginManager:220 - loadIPPluginJar : add gpio
2026-07-14 00:04:33,571 [INFO] IPUIPlugin:80 - create IPUIPlugin
2026-07-14 00:04:33,571 [INFO] PluginManager:220 - loadIPPluginJar : add gtzc
2026-07-14 00:04:33,572 [INFO] IPUIPlugin:80 - create IPUIPlugin
2026-07-14 00:04:33,572 [INFO] PluginManager:220 - loadIPPluginJar : add hash
2026-07-14 00:04:33,574 [INFO] IPUIPlugin:80 - create IPUIPlugin
2026-07-14 00:04:33,574 [INFO] PluginManager:220 - loadIPPluginJar : add i2c
2026-07-14 00:04:33,575 [INFO] IPUIPlugin:80 - create IPUIPlugin
2026-07-14 00:04:33,576 [INFO] PluginManager:220 - loadIPPluginJar : add i2s
2026-07-14 00:04:33,577 [INFO] IPUIPlugin:80 - create IPUIPlugin
2026-07-14 00:04:33,577 [INFO] PluginManager:220 - loadIPPluginJar : add i3c
2026-07-14 00:04:33,579 [INFO] IPUIPlugin:80 - create IPUIPlugin
2026-07-14 00:04:33,579 [INFO] PluginManager:220 - loadIPPluginJar : add ipddr
2026-07-14 00:04:33,584 [INFO] IPUIPlugin:80 - create IPUIPlugin
2026-07-14 00:04:33,584 [INFO] PluginManager:220 - loadIPPluginJar : add linkedlist
2026-07-14 00:04:33,586 [INFO] IPUIPlugin:80 - create IPUIPlugin
2026-07-14 00:04:33,586 [INFO] PluginManager:220 - loadIPPluginJar : add lorawan
2026-07-14 00:04:33,587 [INFO] IPUIPlugin:80 - create IPUIPlugin
2026-07-14 00:04:33,587 [INFO] PluginManager:220 - loadIPPluginJar : add ltdc
2026-07-14 00:04:33,591 [INFO] IPUIPlugin:80 - create IPUIPlugin
2026-07-14 00:04:33,591 [INFO] PluginManager:220 - loadIPPluginJar : add mdma
2026-07-14 00:04:33,593 [INFO] IPUIPlugin:80 - create IPUIPlugin
2026-07-14 00:04:33,593 [INFO] PluginManager:220 - loadIPPluginJar : add nvic
2026-07-14 00:04:33,595 [INFO] IPUIPlugin:80 - create IPUIPlugin
2026-07-14 00:04:33,595 [INFO] PluginManager:220 - loadIPPluginJar : add opamp
2026-07-14 00:04:33,597 [INFO] IPUIPlugin:80 - create IPUIPlugin
2026-07-14 00:04:33,597 [INFO] PluginManager:220 - loadIPPluginJar : add openamp
2026-07-14 00:04:33,598 [INFO] IPUIPlugin:80 - create IPUIPlugin
2026-07-14 00:04:33,598 [INFO] PluginManager:220 - loadIPPluginJar : add pdm2pcm
2026-07-14 00:04:33,601 [INFO] IPUIPlugin:80 - create IPUIPlugin
2026-07-14 00:04:33,603 [INFO] PluginManager:220 - loadIPPluginJar : add plateformsettings
2026-07-14 00:04:33,603 [INFO] IPUIPlugin:80 - create IPUIPlugin
2026-07-14 00:04:33,603 [INFO] PluginManager:220 - loadIPPluginJar : add quadspi
2026-07-14 00:04:33,604 [INFO] IPUIPlugin:80 - create IPUIPlugin
2026-07-14 00:04:33,605 [INFO] PluginManager:220 - loadIPPluginJar : add radio
2026-07-14 00:04:33,607 [INFO] IPUIPlugin:80 - create IPUIPlugin
2026-07-14 00:04:33,607 [INFO] PluginManager:220 - loadIPPluginJar : add resmgrutility
2026-07-14 00:04:33,609 [INFO] IPUIPlugin:80 - create IPUIPlugin
2026-07-14 00:04:33,609 [INFO] PluginManager:220 - loadIPPluginJar : add sai
2026-07-14 00:04:33,610 [INFO] IPUIPlugin:80 - create IPUIPlugin
2026-07-14 00:04:33,610 [INFO] PluginManager:220 - loadIPPluginJar : add spi
2026-07-14 00:04:33,614 [INFO] IPUIPlugin:80 - create IPUIPlugin
2026-07-14 00:04:33,614 [INFO] PluginManager:220 - loadIPPluginJar : add stm32_wpan
2026-07-14 00:04:33,615 [INFO] IPUIPlugin:80 - create IPUIPlugin
2026-07-14 00:04:33,615 [INFO] PluginManager:220 - loadIPPluginJar : add tim
2026-07-14 00:04:33,617 [INFO] IPUIPlugin:80 - create IPUIPlugin
2026-07-14 00:04:33,617 [INFO] PluginManager:220 - loadIPPluginJar : add touchsensing
2026-07-14 00:04:33,618 [INFO] IPUIPlugin:80 - create IPUIPlugin
2026-07-14 00:04:33,618 [INFO] PluginManager:220 - loadIPPluginJar : add tracer_emb
2026-07-14 00:04:33,620 [INFO] IPUIPlugin:80 - create IPUIPlugin
2026-07-14 00:04:33,620 [INFO] PluginManager:220 - loadIPPluginJar : add ts
2026-07-14 00:04:33,621 [INFO] IPUIPlugin:80 - create IPUIPlugin
2026-07-14 00:04:33,621 [INFO] PluginManager:220 - loadIPPluginJar : add tsc
2026-07-14 00:04:33,623 [INFO] IPUIPlugin:80 - create IPUIPlugin
2026-07-14 00:04:33,623 [INFO] PluginManager:220 - loadIPPluginJar : add ucpd
2026-07-14 00:04:33,624 [INFO] IPUIPlugin:80 - create IPUIPlugin
2026-07-14 00:04:33,625 [INFO] PluginManager:220 - loadIPPluginJar : add usart
2026-07-14 00:04:33,627 [INFO] IPUIPlugin:80 - create IPUIPlugin
2026-07-14 00:04:33,627 [INFO] PluginManager:220 - loadIPPluginJar : add usbx
2026-07-14 00:04:33,727 [FATAL] Updater:351 - Updater called before beeing initialized
2026-07-14 00:04:33,741 [INFO] RulesReader:64 - Compatibility file has been processed (301 Rules)
2026-07-14 00:04:33,748 [INFO] RulesReader:64 - Compatibility file has been processed (301 Rules)
2026-07-14 00:04:33,754 [INFO] CADModel:165 - CPN selected for project level
2026-07-14 00:04:33,754 [INFO] CADModel:114 - Register for checkConnection events
2026-07-14 00:04:33,754 [FATAL] Updater:351 - Updater called before beeing initialized
2026-07-14 00:04:33,754 [ERROR] CADModel:125 - Updater not yet initialized, retry later 
2026-07-14 00:04:33,834 [FATAL] Updater:351 - Updater called before beeing initialized
2026-07-14 00:04:33,834 [INFO] CADModel:165 - CPN selected for project level
2026-07-14 00:04:33,834 [INFO] CADModel:114 - Register for checkConnection events
2026-07-14 00:04:33,835 [FATAL] Updater:351 - Updater called before beeing initialized
2026-07-14 00:04:33,835 [ERROR] CADModel:125 - Updater not yet initialized, retry later 
2026-07-14 00:04:33,836 [FATAL] Updater:351 - Updater called before beeing initialized
2026-07-14 00:04:33,903 [FATAL] Updater:351 - Updater called before beeing initialized
2026-07-14 00:04:33,906 [INFO] DbMcusAds:53 - JSON generation date=Fri May 29 01:08:16 KST 2026 (1779984496462)
2026-07-14 00:04:33,906 [FATAL] Updater:351 - Updater called before beeing initialized
2026-07-14 00:04:33,924 [WARN] DetailPanel:346 - Failed to get advertising image, set to default
2026-07-14 00:04:34,057 [FATAL] Updater:351 - Updater called before beeing initialized
2026-07-14 00:04:34,059 [FATAL] Updater:351 - Updater called before beeing initialized
2026-07-14 00:04:34,059 [FATAL] Updater:351 - Updater called before beeing initialized
2026-07-14 00:04:34,059 [WARN] DetailPanel:346 - Failed to get advertising image, set to default
2026-07-14 00:04:34,059 [FATAL] Updater:351 - Updater called before beeing initialized
2026-07-14 00:04:34,084 [ERROR] Updater:1198 - MainUpdater not yet initialized. External WinMGr cannot be set.
2026-07-14 00:04:34,085 [INFO] Updater:1134 - Updater Version found : 6.14.0
2026-07-14 00:04:34,097 [INFO] ApplicationProperties:184 - Using Application install path: C:\ST\STM32CubeIDE_1.18.0\STM32CubeIDE\plugins\com.st.stm32cube.common.mx_6.14.0.202502271554
2026-07-14 00:04:34,617 [INFO] MainUpdater:2872 - connection check result : 10
2026-07-14 00:04:34,618 [INFO] MainUpdater:289 - Updater Check For Update Now.
2026-07-14 00:04:34,618 [INFO] MicroXplorer:498 - Change Database Version : DB.6.0.140
2026-07-14 00:04:34,622 [INFO] McuFinderGlobals:63 - Set McuFinder mode to 2 (CubeIDE integrated)
2026-07-14 00:04:34,622 [INFO] UserAuth:171 - activating auth plugin
2026-07-14 00:04:34,624 [INFO] UserAuth:486 - Internet connection configuration mode: 1
2026-07-14 00:04:34,643 [INFO] JxBrowserEngine:152 - Initiate JxBrowser Engine with user profile folder
2026-07-14 00:04:34,763 [INFO] CheckServerUpdateThread:120 - End of CheckServer Thread
2026-07-14 00:04:35,066 [INFO] WebApp:169 - Instantiating new browser for Auth
2026-07-14 00:04:35,606 [INFO] WebApp:463 - Apply proxy settings
2026-07-14 00:04:35,606 [INFO] WebApp:548 - Chromium requires no authentication
2026-07-14 00:04:35,612 [INFO] WebApp:491 - Direct internet connection detected
2026-07-14 00:04:35,628 [INFO] WebApp:894 - Register for checkConnection events
2026-07-14 00:04:35,628 [INFO] WebApp:463 - Apply proxy settings
2026-07-14 00:04:35,628 [INFO] WebApp:548 - Chromium requires no authentication
2026-07-14 00:04:35,628 [INFO] WebApp:491 - Direct internet connection detected
2026-07-14 00:04:35,732 [INFO] WebApp:225 - Starting web application
2026-07-14 00:04:35,732 [INFO] WebApp:593 - Web application path used C:\ST\STM32CubeIDE_1.18.0\STM32CubeIDE\plugins\com.st.stm32cube.common.mx_6.14.0.202502271554\db\plugins\mcufinder\reactClient1\index.html
2026-07-14 00:04:35,912 [INFO] WebApp:191 - Connection restablished
2026-07-14 00:04:36,453 [WARN] PackLoader:240 - Cannot read IP mode file for STMicroelectronics.X-CUBE-AZRTOS-H7.3.5.0
2026-07-14 00:04:36,479 [WARN] PackLoader:240 - Cannot read IP mode file for STMicroelectronics.FP-ATR-ASTRA1.2.0.2
2026-07-14 00:04:36,485 [ERROR] Engine:466 - C:\Users\hwido\.stm32cubemx\thirdparties\pdsc\STMicroelectronics.X-CUBE-SMBUS.2.1.1.pdsc: PDSC version is not supported
2026-07-14 00:04:36,498 [WARN] PackLoader:240 - Cannot read IP mode file for STMicroelectronics.X-CUBE-AZRTOS-F7.1.1.0
2026-07-14 00:04:36,501 [ERROR] Engine:466 - C:\Users\hwido\.stm32cubemx\thirdparties\pdsc\STMicroelectronics.X-CUBE-FREERTOS.1.6.0.pdsc: PDSC version is not supported
2026-07-14 00:04:36,503 [ERROR] Engine:466 - C:\Users\hwido\.stm32cubemx\thirdparties\pdsc\STMicroelectronics.FP-SNS-MOTENV1.5.1.0.pdsc: PDSC version is not supported
2026-07-14 00:04:36,516 [WARN] PackLoader:240 - Cannot read IP mode file for STMicroelectronics.X-CUBE-AZRTOS-H7RS.1.3.0
2026-07-14 00:04:36,520 [ERROR] Engine:466 - C:\Users\hwido\.stm32cubemx\thirdparties\pdsc\WES.I-CUBE-Cesium.1.4.0.pdsc: PDSC version is not supported
2026-07-14 00:04:36,526 [WARN] PackLoader:240 - Cannot read IP mode file for STMicroelectronics.X-CUBE-DISPLAY.3.0.0
2026-07-14 00:04:36,534 [WARN] PackLoader:240 - Cannot read IP mode file for STMicroelectronics.X-CUBE-GNSS1.7.1.1
2026-07-14 00:04:36,537 [ERROR] Engine:466 - C:\Users\hwido\.stm32cubemx\thirdparties\pdsc\STMicroelectronics.FP-SNS-MOTENVWB1.1.5.0.pdsc: PDSC version is not supported
2026-07-14 00:04:36,540 [WARN] PackLoader:240 - Cannot read IP mode file for wolfSSL.I-CUBE-wolfSSL.5.9.1
2026-07-14 00:04:36,545 [WARN] PackLoader:240 - Cannot read IP mode file for STMicroelectronics.X-CUBE-NFC10.1.0.0
2026-07-14 00:04:36,548 [WARN] PackLoader:240 - Cannot read IP mode file for STMicroelectronics.X-CUBE-ST60.1.1.0
2026-07-14 00:04:36,551 [WARN] PackLoader:240 - Cannot read IP mode file for emotas.I-CUBE-CANOPEN.1.3.0
2026-07-14 00:04:36,553 [ERROR] Engine:466 - C:\Users\hwido\.stm32cubemx\thirdparties\pdsc\STMicroelectronics.X-CUBE-WBA.1.1.0.pdsc: PDSC version is not supported
2026-07-14 00:04:36,554 [ERROR] Engine:466 - C:\Users\hwido\.stm32cubemx\thirdparties\pdsc\STMicroelectronics.FP-SNS-STBOX1.2.1.0.pdsc: PDSC version is not supported
2026-07-14 00:04:36,557 [WARN] PackLoader:240 - Cannot read IP mode file for STMicroelectronics.FP-SNS-SMARTAG2.1.2.0
2026-07-14 00:04:36,560 [WARN] PackLoader:240 - Cannot read IP mode file for STMicroelectronics.FP-SNS-FLIGHT1.5.1.0
2026-07-14 00:04:36,565 [INFO] LogOutputStream:77 - [STDOUT_REDIRECT] 1 : Invalid condition id : UX_CORESTACK_Condition cause : null
2026-07-14 00:04:36,565 [INFO] LogOutputStream:77 - [STDOUT_REDIRECT] 1 : Invalid condition id : UX_CORESTACK_Condition cause : null
2026-07-14 00:04:36,566 [INFO] LogOutputStream:77 - [STDOUT_REDIRECT] 1 : Invalid condition id : UX_CORESTACK_Condition cause : null
2026-07-14 00:04:36,567 [INFO] LogOutputStream:77 - [STDOUT_REDIRECT] 1 : Invalid condition id : UX_CORESTACK_Condition cause : null
2026-07-14 00:04:36,567 [INFO] LogOutputStream:77 - [STDOUT_REDIRECT] 1 : Invalid condition id : UX_CORESTACK_Condition cause : null
2026-07-14 00:04:36,568 [WARN] PackLoader:240 - Cannot read IP mode file for STMicroelectronics.X-CUBE-AZRTOS-WL.2.0.0
2026-07-14 00:04:36,574 [WARN] PackLoader:240 - Cannot read IP mode file for STMicroelectronics.X-CUBE-BLE2.3.3.0
2026-07-14 00:04:36,593 [WARN] PackLoader:240 - Cannot read IP mode file for Infineon.AIROC-Wi-Fi-Bluetooth-STM32.1.8.0
2026-07-14 00:04:36,599 [WARN] PackLoader:240 - Cannot read IP mode file for STMicroelectronics.X-CUBE-NFC9.1.0.0
2026-07-14 00:04:36,601 [WARN] PackLoader:240 - Cannot read IP mode file for STMicroelectronics.X-CUBE-BLE1.7.1.0
2026-07-14 00:04:36,605 [WARN] PackLoader:240 - Cannot read IP mode file for wolfSSL.I-CUBE-wolfMQTT.1.19.2
2026-07-14 00:04:36,610 [WARN] PackLoader:240 - Cannot read IP mode file for STMicroelectronics.X-CUBE-EEPRMA1.5.2.0
2026-07-14 00:04:36,613 [ERROR] Engine:466 - C:\Users\hwido\.stm32cubemx\thirdparties\pdsc\STMicroelectronics.FP-SNS-STAIOTCFT.1.1.0.pdsc: PDSC version is not supported
2026-07-14 00:04:36,623 [WARN] PackLoader:240 - Cannot read IP mode file for STMicroelectronics.X-CUBE-AZRTOS-G0.1.1.0
2026-07-14 00:04:36,629 [WARN] PackLoader:240 - Cannot read IP mode file for STMicroelectronics.X-CUBE-NFC4.3.0.0
2026-07-14 00:04:36,634 [WARN] PackLoader:240 - Cannot read IP mode file for EmbeddedOffice.I-CUBE-FS-RTOS.1.0.1
2026-07-14 00:04:36,637 [WARN] PackLoader:240 - Cannot read IP mode file for wolfSSL.I-CUBE-wolfTPM.3.8.0
2026-07-14 00:04:36,640 [WARN] PackLoader:240 - Cannot read IP mode file for STMicroelectronics.X-CUBE-TCPP.4.2.0
2026-07-14 00:04:36,645 [WARN] PackLoader:240 - Cannot read IP mode file for RealThread.X-CUBE-RT-Thread_Nano.4.1.1
2026-07-14 00:04:36,648 [WARN] PackLoader:240 - Cannot read IP mode file for STMicroelectronics.FP-ATR-SIGFOX1.3.2.0
2026-07-14 00:04:36,653 [WARN] PackLoader:240 - Cannot read IP mode file for ITTIA_DB.I-CUBE-ITTIADB.8.9.0
2026-07-14 00:04:36,655 [WARN] PackLoader:240 - Cannot read IP mode file for Cesanta.I-CUBE-Mongoose.7.21.7
2026-07-14 00:04:36,659 [WARN] PackLoader:240 - Cannot read IP mode file for STMicroelectronics.X-CUBE-NFC6.3.2.0
2026-07-14 00:04:36,662 [WARN] PackLoader:240 - Cannot read IP mode file for STMicroelectronics.X-CUBE-AI.10.2.1
2026-07-14 00:04:36,678 [WARN] PackLoader:240 - Cannot read IP mode file for STMicroelectronics.X-CUBE-MEMS1.12.1.0
2026-07-14 00:04:36,723 [WARN] PackLoader:240 - Cannot read IP mode file for SEGGER.I-CUBE-embOS.1.3.1
2026-07-14 00:04:36,738 [WARN] PackLoader:240 - Cannot read IP mode file for STMicroelectronics.X-CUBE-NFC13.1.0.0
2026-07-14 00:04:36,743 [WARN] PackLoader:240 - Cannot read IP mode file for STMicroelectronics.X-CUBE-PM33A1.1.0.0
2026-07-14 00:04:36,750 [WARN] PackLoader:240 - Cannot read IP mode file for STMicroelectronics.X-CUBE-AZRTOS-F4.1.1.0
2026-07-14 00:04:36,753 [WARN] PackLoader:240 - Cannot read IP mode file for STMicroelectronics.X-CUBE-ISPU.2.1.0
2026-07-14 00:04:36,755 [ERROR] Engine:466 - C:\Users\hwido\.stm32cubemx\thirdparties\pdsc\STMicroelectronics.X-CUBE-IPS.3.2.0.pdsc: PDSC version is not supported
2026-07-14 00:04:36,759 [WARN] PackLoader:240 - Cannot read IP mode file for STMicroelectronics.eDS-WB_DPC_TT-BIDIR.2.1.1
2026-07-14 00:04:36,762 [WARN] PackLoader:240 - Cannot read IP mode file for STMicroelectronics.X-CUBE-NFC12.1.0.0
2026-07-14 00:04:36,768 [WARN] PackLoader:240 - Cannot read IP mode file for STMicroelectronics.X-CUBE-AZRTOS-L5.2.0.0
2026-07-14 00:04:36,773 [WARN] PackLoader:240 - Cannot read IP mode file for STMicroelectronics.X-CUBE-ALGOBUILD.1.5.0
2026-07-14 00:04:36,776 [WARN] PackLoader:240 - Cannot read IP mode file for STMicroelectronics.eDS-WB_DPC_VIENNA.1.2.0
2026-07-14 00:04:36,779 [WARN] PackLoader:240 - Cannot read IP mode file for STMicroelectronics.eDS-WB_DPC_3PH2L-BIDIR.1.1.1
2026-07-14 00:04:36,780 [ERROR] Engine:466 - C:\Users\hwido\.stm32cubemx\thirdparties\pdsc\STMicroelectronics.X-CUBE-ST67W61.1.3.0.pdsc: PDSC version is not supported
2026-07-14 00:04:36,784 [WARN] PackLoader:240 - Cannot read IP mode file for STMicroelectronics.X-CUBE-TOUCHGFX.4.26.1
2026-07-14 00:04:36,787 [WARN] PackLoader:240 - Cannot read IP mode file for STMicroelectronics.X-CUBE-DPower.1.3.0
2026-07-14 00:04:36,794 [WARN] ConditionMgr:438 - getConditionDescription Invalid condition id : LAN8742 Phy interface Condition cause : null
2026-07-14 00:04:36,794 [WARN] PackLoader:240 - Cannot read IP mode file for STMicroelectronics.X-CUBE-AZRTOS-L4.2.0.0
2026-07-14 00:04:36,795 [WARN] ConditionMgr:1044 - genDependencies : Invalid condition id : LAN8742 Phy interface Condition cause : null
2026-07-14 00:04:36,795 [WARN] ConditionMgr:1044 - genDependencies : Invalid condition id : LAN8742 Phy interface Condition cause : null
2026-07-14 00:04:36,795 [WARN] ConditionMgr:1044 - genDependencies : Invalid condition id : LAN8742 Phy interface Condition cause : null
2026-07-14 00:04:36,798 [WARN] PackLoader:240 - Cannot read IP mode file for STMicroelectronics.X-CUBE-SFXS2LP1.4.0.0
2026-07-14 00:04:36,801 [WARN] PackLoader:240 - Cannot read IP mode file for STMicroelectronics.X-CUBE-WB05N.2.1.0
2026-07-14 00:04:36,805 [WARN] ConditionMgr:438 - getConditionDescription Invalid condition id : UX DEVICE CLASS RTOS Condition cause : null
2026-07-14 00:04:36,805 [WARN] ConditionMgr:438 - getConditionDescription Invalid condition id : UX DEVICE CLASS RTOS Condition cause : null
2026-07-14 00:04:36,806 [WARN] PackLoader:240 - Cannot read IP mode file for STMicroelectronics.X-CUBE-AZRTOS-WB.2.0.0
2026-07-14 00:04:36,806 [WARN] ConditionMgr:1044 - genDependencies : Invalid condition id : UX DEVICE CLASS RTOS Condition cause : null
2026-07-14 00:04:36,807 [WARN] ConditionMgr:1044 - genDependencies : Invalid condition id : UX DEVICE CLASS RTOS Condition cause : null
2026-07-14 00:04:36,807 [WARN] ConditionMgr:1044 - genDependencies : Invalid condition id : UX DEVICE CLASS RTOS Condition cause : null
2026-07-14 00:04:36,807 [WARN] ConditionMgr:1044 - genDependencies : Invalid condition id : UX DEVICE CLASS RTOS Condition cause : null
2026-07-14 00:04:36,807 [WARN] ConditionMgr:1044 - genDependencies : Invalid condition id : UX DEVICE CLASS RTOS Condition cause : null
2026-07-14 00:04:36,809 [WARN] ConditionMgr:438 - getConditionDescription Invalid condition id : Cortex-A Device cause : null
2026-07-14 00:04:36,814 [WARN] ConditionMgr:1044 - genDependencies : Invalid condition id : Cortex-A Device cause : null
2026-07-14 00:04:36,815 [WARN] ConditionMgr:1044 - genDependencies : Invalid condition id : Cortex-A Device cause : null
2026-07-14 00:04:36,815 [WARN] ConditionMgr:1044 - genDependencies : Invalid condition id : Cortex-A Device cause : null
2026-07-14 00:04:36,818 [WARN] PackLoader:240 - Cannot read IP mode file for STMicroelectronics.X-CUBE-STSE01.2.0.0
2026-07-14 00:04:36,823 [WARN] PackLoader:240 - Cannot read IP mode file for STMicroelectronics.X-CUBE-SUBG2.5.0.0
2026-07-14 00:04:36,836 [WARN] PackLoader:240 - Cannot read IP mode file for STMicroelectronics.X-CUBE-AZRTOS-G4.2.0.0
2026-07-14 00:04:36,839 [WARN] PackLoader:240 - Cannot read IP mode file for wolfSSL.I-CUBE-wolfSSH.1.4.20
2026-07-14 00:04:36,844 [WARN] PackLoader:240 - Cannot read IP mode file for STMicroelectronics.X-CUBE-NFC7.2.0.0
2026-07-14 00:04:36,857 [ERROR] Engine:466 - C:\Users\hwido\.stm32cubemx\thirdparties\pdsc\STMicroelectronics.X-CUBE-BLEMGR.4.2.0.pdsc: PDSC version is not supported
2026-07-14 00:04:36,861 [WARN] PackLoader:240 - Cannot read IP mode file for STMicroelectronics.X-CUBE-ALS.1.0.2
2026-07-14 00:04:36,868 [WARN] PackLoader:240 - Cannot read IP mode file for STMicroelectronics.X-CUBE-TOF1.3.4.3
2026-07-14 00:04:36,871 [INFO] ThirdParty:978 - Integrity check success = true
2026-07-14 00:04:36,871 [INFO] IntegrityCheckThread:100 - exiting critical section [integrity check]
2026-07-14 00:04:36,871 [INFO] IntegrityCheckThread:103 - End integrity checks thread
2026-07-14 00:04:42,196 [ERROR] LogOutputStream:75 - [STDERR_REDIRECT] 
2026-07-14 09:33:11,662 [INFO] Activator:176 - 


2026-07-14 09:33:11,663 [INFO] Activator:177 - !SESSION log4j initialized
2026-07-14 09:33:14,590 [INFO] LogOutputStream:77 - [STDOUT_REDIRECT] 
2026-07-14 09:33:20,741 [INFO] ApplicationProperties:184 - Using Application install path: C:\ST\STM32CubeIDE_1.18.0\STM32CubeIDE\plugins\com.st.stm32cube.common.mx_6.14.0.202502271554
2026-07-14 09:33:20,750 [INFO] DbMcusXml:78 - Set database path to: C:\ST\STM32CubeIDE_1.18.0\STM32CubeIDE\plugins\com.st.stm32cube.common.mx_6.14.0.202502271554\\db\/mcu/
2026-07-14 09:33:20,750 [INFO] ApiDb:274 - Set plugin database path to: C:\ST\STM32CubeIDE_1.18.0\STM32CubeIDE\plugins\com.st.stm32cube.common.mx_6.14.0.202502271554\\db\/plugins/boardmanager/
2026-07-14 09:33:20,750 [WARN] ApiDb:259 - Overriding images path with different value:  => C:\ST\STM32CubeIDE_1.18.0\STM32CubeIDE\plugins\com.st.stm32cube.common.mx_6.14.0.202502271554\\db\/plugins/mcufinder/images/
2026-07-14 09:33:20,754 [INFO] ApiDb:250 - Set database path to: C:\Users\hwido\.stmcufinder\plugins\mcufinder//mcu/
2026-07-14 09:33:20,754 [INFO] DbMcusAds:125 - Set database path to: C:\Users\hwido\.stmcufinder\plugins\mcufinder//mcu/
2026-07-14 09:33:20,755 [INFO] CrossReferenceDbSqlite:203 - Set database path to: C:\Users\hwido\.stmcufinder\plugins\mcufinder//mcu/cs/
2026-07-14 09:33:20,819 [INFO] RulesReader:64 - Compatibility file has been processed (301 Rules)
2026-07-14 09:33:20,878 [INFO] DbMcusXml:78 - Set database path to: C:\ST\STM32CubeIDE_1.18.0\STM32CubeIDE\plugins\com.st.stm32cube.common.mx_6.14.0.202502271554\\db\/mcu/
2026-07-14 09:33:20,878 [INFO] ApiDb:274 - Set plugin database path to: C:\ST\STM32CubeIDE_1.18.0\STM32CubeIDE\plugins\com.st.stm32cube.common.mx_6.14.0.202502271554\\db\/plugins/boardmanager/
2026-07-14 09:33:20,878 [INFO] ApiDb:261 - Set plugin images path to: C:\ST\STM32CubeIDE_1.18.0\STM32CubeIDE\plugins\com.st.stm32cube.common.mx_6.14.0.202502271554\\db\/plugins/mcufinder/images/
2026-07-14 09:33:20,878 [WARN] DbFile:41 - Overriding database path with different value: C:\Users\hwido\.stmcufinder\plugins\mcufinder/ => C:\Users\hwido\.stmcufinder\plugins\mcufinder
2026-07-14 09:33:20,878 [INFO] ApiDb:250 - Set database path to: C:\Users\hwido\.stmcufinder\plugins\mcufinder//mcu/
2026-07-14 09:33:20,878 [WARN] DbFile:41 - Overriding database path with different value: C:\Users\hwido\.stmcufinder\plugins\mcufinder/ => C:\Users\hwido\.stmcufinder\plugins\mcufinder
2026-07-14 09:33:20,878 [INFO] DbMcusAds:125 - Set database path to: C:\Users\hwido\.stmcufinder\plugins\mcufinder//mcu/
2026-07-14 09:33:20,878 [WARN] DbFile:41 - Overriding database path with different value: C:\Users\hwido\.stmcufinder\plugins\mcufinder/ => C:\Users\hwido\.stmcufinder\plugins\mcufinder
2026-07-14 09:33:20,878 [WARN] DbFile:41 - Overriding database path with different value: C:\Users\hwido\.stmcufinder\plugins\mcufinder/ => C:\Users\hwido\.stmcufinder\plugins\mcufinder
2026-07-14 09:33:20,878 [INFO] CrossReferenceDbSqlite:203 - Set database path to: C:\Users\hwido\.stmcufinder\plugins\mcufinder//mcu/cs/
2026-07-14 09:33:20,921 [INFO] MainPanel:272 - HeapMemory: 268435456
2026-07-14 09:33:20,965 [INFO] DbMcusXml:78 - Set database path to: C:\ST\STM32CubeIDE_1.18.0\STM32CubeIDE\plugins\com.st.stm32cube.common.mx_6.14.0.202502271554\\db\/mcu/
2026-07-14 09:33:20,965 [INFO] ApiDb:274 - Set plugin database path to: C:\ST\STM32CubeIDE_1.18.0\STM32CubeIDE\plugins\com.st.stm32cube.common.mx_6.14.0.202502271554\\db\/plugins/boardmanager/
2026-07-14 09:33:20,965 [INFO] ApiDb:261 - Set plugin images path to: C:\ST\STM32CubeIDE_1.18.0\STM32CubeIDE\plugins\com.st.stm32cube.common.mx_6.14.0.202502271554\\db\/plugins/mcufinder/images/
2026-07-14 09:33:20,965 [WARN] DbFile:41 - Overriding database path with different value: C:\Users\hwido\.stmcufinder\plugins\mcufinder/ => C:\Users\hwido\.stmcufinder\plugins\mcufinder
2026-07-14 09:33:20,965 [INFO] ApiDb:250 - Set database path to: C:\Users\hwido\.stmcufinder\plugins\mcufinder//mcu/
2026-07-14 09:33:20,965 [WARN] DbFile:41 - Overriding database path with different value: C:\Users\hwido\.stmcufinder\plugins\mcufinder/ => C:\Users\hwido\.stmcufinder\plugins\mcufinder
2026-07-14 09:33:20,965 [INFO] DbMcusAds:125 - Set database path to: C:\Users\hwido\.stmcufinder\plugins\mcufinder//mcu/
2026-07-14 09:33:20,965 [WARN] DbFile:41 - Overriding database path with different value: C:\Users\hwido\.stmcufinder\plugins\mcufinder/ => C:\Users\hwido\.stmcufinder\plugins\mcufinder
2026-07-14 09:33:20,965 [WARN] DbFile:41 - Overriding database path with different value: C:\Users\hwido\.stmcufinder\plugins\mcufinder/ => C:\Users\hwido\.stmcufinder\plugins\mcufinder
2026-07-14 09:33:20,965 [INFO] CrossReferenceDbSqlite:203 - Set database path to: C:\Users\hwido\.stmcufinder\plugins\mcufinder//mcu/cs/
2026-07-14 09:33:20,975 [INFO] ApplicationProperties:184 - Using Application install path: C:\ST\STM32CubeIDE_1.18.0\STM32CubeIDE\plugins\com.st.stm32cube.common.mx_6.14.0.202502271554
2026-07-14 09:33:20,976 [INFO] PluginManage:196 - Search for loadable plugins [exclusion list=, ]
2026-07-14 09:33:20,976 [INFO] PluginManage:310 - Check plugin analytics
